#
# There is insufficient memory for the Java Runtime Environment to continue.
# Native memory allocation (malloc) failed to allocate 1048576 bytes. Error detail: AllocateHeap
# Possible reasons:
#   The system is out of physical RAM or swap space
#   This process is running with CompressedOops enabled, and the Java Heap may be blocking the growth of the native heap
# Possible solutions:
#   Reduce memory load on the system
#   Increase physical memory or swap space
#   Check if swap backing store is full
#   Decrease Java heap size (-Xmx/-Xms)
#   Decrease number of Java threads
#   Decrease Java thread stack sizes (-Xss)
#   Set larger code cache with -XX:ReservedCodeCacheSize=
#   JVM is running with Unscaled Compressed Oops mode in which the Java heap is
#     placed in the first 4GB address space. The Java Heap base address is the
#     maximum limit for the native heap growth. Please use -XX:HeapBaseMinAddress
#     to set the Java Heap base and to place the Java Heap above 4GB virtual address.
# This output file may be truncated or incomplete.
#
#  Out of Memory Error (allocation.cpp:44), pid=7500, tid=17792
#
# JRE version: OpenJDK Runtime Environment Temurin-21.0.11+10 (21.0.11+10) (build 21.0.11+10-LTS)
# Java VM: OpenJDK 64-Bit Server VM Temurin-21.0.11+10 (21.0.11+10-LTS, mixed mode, sharing, tiered, compressed oops, compressed class ptrs, parallel gc, windows-amd64)
# No core dump will be written. Minidumps are not enabled by default on client versions of Windows
#

---------------  S U M M A R Y ------------

Command Line: --add-modules=ALL-SYSTEM --add-opens=java.base/java.util=ALL-UNNAMED --add-opens=java.base/java.lang=ALL-UNNAMED --add-opens=java.base/sun.nio.fs=ALL-UNNAMED -Declipse.application=org.eclipse.jdt.ls.core.id1 -Dosgi.bundles.defaultStartLevel=4 -Declipse.product=org.eclipse.jdt.ls.core.product -Djava.import.generatesMetadataFilesAtProjectRoot=false -DDetectVMInstallationsJob.disabled=true -Dfile.encoding=utf8 -XX:+UseParallelGC -XX:GCTimeRatio=4 -XX:AdaptiveSizePolicyWeight=90 -Dsun.zip.disableMemoryMapping=true -Xmx2G -Xms100m -Xlog:disable -javaagent:c:\Users\Admin\.vscode\extensions\redhat.java-1.55.0-win32-x64\lombok\lombok-1.18.39-4050.jar -XX:+HeapDumpOnOutOfMemoryError -XX:HeapDumpPath=c:\Users\Admin\AppData\Roaming\Code\User\workspaceStorage\38af2466d7d4b515741aff38038e165a\redhat.java -Daether.dependencyCollector.impl=bf c:\Users\Admin\.vscode\extensions\redhat.java-1.55.0-win32-x64\server\plugins\org.eclipse.equinox.launcher_1.7.200.v20260619-2039.jar -configuration c:\Users\Admin\AppData\Roaming\Code\User\globalStorage\redhat.java\1.55.0\config_win -data c:\Users\Admin\AppData\Roaming\Code\User\workspaceStorage\38af2466d7d4b515741aff38038e165a\redhat.java\jdt_ws --pipe=\\.\pipe\lsp-d5eb69ed10cae36b0db3ee81b5fb5d5d-sock

Host: Intel(R) Core(TM) i5-8365U CPU @ 1.60GHz, 8 cores, 7G,  Windows 11 , 64 bit Build 22621 (10.0.22621.5415)
Time: Sat Jul  4 09:15:48 2026 India Standard Time elapsed time: 918.493282 seconds (0d 0h 15m 18s)

---------------  T H R E A D  ---------------

Current thread (0x0000024af2a22b00):  JavaThread "Attach Listener" daemon [_thread_in_vm, id=17792, stack(0x000000594a100000,0x000000594a200000) (1024K)]

Stack: [0x000000594a100000,0x000000594a200000]
Native frames: (J=compiled Java code, j=interpreted, Vv=VM code, C=native code)
V  [jvm.dll+0x6d7e19]
V  [jvm.dll+0x8b5096]
V  [jvm.dll+0x8b764e]
V  [jvm.dll+0x8b7d33]
V  [jvm.dll+0x284596]
V  [jvm.dll+0xc13c7]
V  [jvm.dll+0x6d86c9]
V  [jvm.dll+0x133616]
V  [jvm.dll+0x3f868e]
V  [jvm.dll+0x85fb0d]
V  [jvm.dll+0x6d664d]
C  [ucrtbase.dll+0x29333]
C  [KERNEL32.DLL+0x1259d]
C  [ntdll.dll+0x5af78]


---------------  P R O C E S S  ---------------

Threads class SMR info:
_java_thread_list=0x0000024afa515590, length=58, elements={
0x0000024adbfad2c0, 0x0000024af2a1d110, 0x0000024af2a1ecb0, 0x0000024af2a1fbd0,
0x0000024af2a22b00, 0x0000024af2a23a20, 0x0000024af2a25690, 0x0000024af2a2dc40,
0x0000024af2a3fa70, 0x0000024af4519620, 0x0000024af46577f0, 0x0000024af4ac64f0,
0x0000024af4e60f50, 0x0000024af4e5f510, 0x0000024af4e5e7f0, 0x0000024af4e5dad0,
0x0000024af4e60230, 0x0000024af4e5e160, 0x0000024af9431c50, 0x0000024af9432970,
0x0000024af942d420, 0x0000024af9430f30, 0x0000024af9433000, 0x0000024af942cd90,
0x0000024af942dab0, 0x0000024af942e140, 0x0000024af942e7d0, 0x0000024af942ee60,
0x0000024af942f4f0, 0x0000024af942fb80, 0x0000024af9430210, 0x0000024af4e608c0,
0x0000024afaef6be0, 0x0000024afaef9340, 0x0000024af451bce0, 0x0000024af451ca00,
0x0000024af451f160, 0x0000024af451ddb0, 0x0000024af451ead0, 0x0000024af4521f50,
0x0000024af451afc0, 0x0000024af451d720, 0x0000024afaef1d20, 0x0000024afaef30d0,
0x0000024af942c070, 0x0000024af94308a0, 0x0000024afaef51a0, 0x0000024afaef7270,
0x0000024af942c700, 0x0000024afc4efea0, 0x0000024afc4f0530, 0x0000024afaef7f90,
0x0000024af451c370, 0x0000024af4520510, 0x0000024afcdf4cd0, 0x0000024afcdf5360,
0x0000024afcdf59f0, 0x0000024afcdf6080
}

Java Threads: ( => current thread )
  0x0000024adbfad2c0 JavaThread "main"                              [_thread_blocked, id=2584, stack(0x0000005949a00000,0x0000005949b00000) (1024K)]
  0x0000024af2a1d110 JavaThread "Reference Handler"          daemon [_thread_blocked, id=10500, stack(0x0000005949e00000,0x0000005949f00000) (1024K)]
  0x0000024af2a1ecb0 JavaThread "Finalizer"                  daemon [_thread_blocked, id=5400, stack(0x0000005949f00000,0x000000594a000000) (1024K)]
  0x0000024af2a1fbd0 JavaThread "Signal Dispatcher"          daemon [_thread_blocked, id=20856, stack(0x000000594a000000,0x000000594a100000) (1024K)]
=>0x0000024af2a22b00 JavaThread "Attach Listener"            daemon [_thread_in_vm, id=17792, stack(0x000000594a100000,0x000000594a200000) (1024K)]
  0x0000024af2a23a20 JavaThread "Service Thread"             daemon [_thread_blocked, id=9248, stack(0x000000594a200000,0x000000594a300000) (1024K)]
  0x0000024af2a25690 JavaThread "Monitor Deflation Thread"   daemon [_thread_blocked, id=8064, stack(0x000000594a300000,0x000000594a400000) (1024K)]
  0x0000024af2a2dc40 JavaThread "C2 CompilerThread0"         daemon [_thread_blocked, id=22612, stack(0x000000594a400000,0x000000594a500000) (1024K)]
  0x0000024af2a3fa70 JavaThread "C1 CompilerThread0"         daemon [_thread_blocked, id=6104, stack(0x000000594a500000,0x000000594a600000) (1024K)]
  0x0000024af4519620 JavaThread "Common-Cleaner"             daemon [_thread_blocked, id=8884, stack(0x000000594a600000,0x000000594a700000) (1024K)]
  0x0000024af46577f0 JavaThread "Notification Thread"        daemon [_thread_blocked, id=4144, stack(0x000000594a700000,0x000000594a800000) (1024K)]
  0x0000024af4ac64f0 JavaThread "Active Thread: Equinox Container: b890c00c-e30e-4c88-b93d-2ad21b42e18a"        [_thread_blocked, id=1132, stack(0x000000594b400000,0x000000594b500000) (1024K)]
  0x0000024af4e60f50 JavaThread "Framework Event Dispatcher: Equinox Container: b890c00c-e30e-4c88-b93d-2ad21b42e18a" daemon [_thread_blocked, id=20576, stack(0x000000594b500000,0x000000594b600000) (1024K)]
  0x0000024af4e5f510 JavaThread "Start Level: Equinox Container: b890c00c-e30e-4c88-b93d-2ad21b42e18a" daemon [_thread_blocked, id=19068, stack(0x000000594b700000,0x000000594b800000) (1024K)]
  0x0000024af4e5e7f0 JavaThread "Bundle File Closer"         daemon [_thread_blocked, id=22340, stack(0x000000594b800000,0x000000594b900000) (1024K)]
  0x0000024af4e5dad0 JavaThread "Refresh Thread: Equinox Container: b890c00c-e30e-4c88-b93d-2ad21b42e18a" daemon [_thread_blocked, id=18144, stack(0x000000594b900000,0x000000594ba00000) (1024K)]
  0x0000024af4e60230 JavaThread "SCR Component Actor"        daemon [_thread_blocked, id=17448, stack(0x000000594bc00000,0x000000594bd00000) (1024K)]
  0x0000024af4e5e160 JavaThread "Worker-JM"                         [_thread_blocked, id=21872, stack(0x000000594bd00000,0x000000594be00000) (1024K)]
  0x0000024af9431c50 JavaThread "Java indexing"              daemon [_thread_blocked, id=15076, stack(0x000000594af00000,0x000000594b000000) (1024K)]
  0x0000024af9432970 JavaThread "JNA Cleaner"                daemon [_thread_blocked, id=4324, stack(0x000000594b000000,0x000000594b100000) (1024K)]
  0x0000024af942d420 JavaThread "Thread-1"                   daemon [_thread_in_native, id=11316, stack(0x000000594bb00000,0x000000594bc00000) (1024K)]
  0x0000024af9430f30 JavaThread "Thread-2"                   daemon [_thread_in_native, id=4940, stack(0x000000594c100000,0x000000594c200000) (1024K)]
  0x0000024af9433000 JavaThread "Thread-3"                   daemon [_thread_in_native, id=23304, stack(0x000000594c200000,0x000000594c300000) (1024K)]
  0x0000024af942cd90 JavaThread "Thread-4"                   daemon [_thread_in_native, id=5304, stack(0x000000594c300000,0x000000594c400000) (1024K)]
  0x0000024af942dab0 JavaThread "Thread-5"                   daemon [_thread_in_native, id=11880, stack(0x000000594c400000,0x000000594c500000) (1024K)]
  0x0000024af942e140 JavaThread "Thread-6"                   daemon [_thread_in_native, id=23476, stack(0x000000594c500000,0x000000594c600000) (1024K)]
  0x0000024af942e7d0 JavaThread "Thread-7"                   daemon [_thread_in_native, id=6608, stack(0x000000594c600000,0x000000594c700000) (1024K)]
  0x0000024af942ee60 JavaThread "Thread-8"                   daemon [_thread_in_native, id=6200, stack(0x000000594c700000,0x000000594c800000) (1024K)]
  0x0000024af942f4f0 JavaThread "Thread-9"                   daemon [_thread_in_native, id=4700, stack(0x000000594c800000,0x000000594c900000) (1024K)]
  0x0000024af942fb80 JavaThread "pool-2-thread-1"                   [_thread_blocked, id=21460, stack(0x000000594c900000,0x000000594ca00000) (1024K)]
  0x0000024af9430210 JavaThread "WorkspaceEventsHandler"            [_thread_blocked, id=21136, stack(0x000000594ca00000,0x000000594cb00000) (1024K)]
  0x0000024af4e608c0 JavaThread "pool-1-thread-1"                   [_thread_blocked, id=22868, stack(0x000000594cb00000,0x000000594cc00000) (1024K)]
  0x0000024afaef6be0 JavaThread "ForkJoinPool.commonPool-worker-3" daemon [_thread_blocked, id=2932, stack(0x000000594db00000,0x000000594dc00000) (1024K)]
  0x0000024afaef9340 JavaThread "ForkJoinPool.commonPool-worker-5" daemon [_thread_blocked, id=18820, stack(0x000000594dc00000,0x000000594dd00000) (1024K)]
  0x0000024af451bce0 JavaThread "Compiler Source File Reader" daemon [_thread_blocked, id=5796, stack(0x000000594de00000,0x000000594df00000) (1024K)]
  0x0000024af451ca00 JavaThread "PatternSearchJob-worker-1"  daemon [_thread_blocked, id=8220, stack(0x000000594cd00000,0x000000594ce00000) (1024K)]
  0x0000024af451f160 JavaThread "PatternSearchJob-worker-2"  daemon [_thread_blocked, id=10008, stack(0x000000594ce00000,0x000000594cf00000) (1024K)]
  0x0000024af451ddb0 JavaThread "PatternSearchJob-worker-3"  daemon [_thread_blocked, id=11560, stack(0x000000594cf00000,0x000000594d000000) (1024K)]
  0x0000024af451ead0 JavaThread "ForkJoinPool.commonPool-worker-7" daemon [_thread_blocked, id=15760, stack(0x000000594d200000,0x000000594d300000) (1024K)]
  0x0000024af4521f50 JavaThread "Compiler Source File Reader" daemon [_thread_blocked, id=12564, stack(0x000000594d100000,0x000000594d200000) (1024K)]
  0x0000024af451afc0 JavaThread "Compiler Source File Reader" daemon [_thread_blocked, id=2740, stack(0x0000005949700000,0x0000005949800000) (1024K)]
  0x0000024af451d720 JavaThread "Compiler Source File Reader" daemon [_thread_blocked, id=14852, stack(0x0000005949800000,0x0000005949900000) (1024K)]
  0x0000024afaef1d20 JavaThread "Cleaner-0"                  daemon [_thread_blocked, id=17440, stack(0x000000594d300000,0x000000594d400000) (1024K)]
  0x0000024afaef30d0 JavaThread "Compiler Source File Reader" daemon [_thread_blocked, id=772, stack(0x000000594d400000,0x000000594d500000) (1024K)]
  0x0000024af942c070 JavaThread "ForkJoinPool.commonPool-worker-8" daemon [_thread_blocked, id=11576, stack(0x000000594b200000,0x000000594b300000) (1024K)]
  0x0000024af94308a0 JavaThread "ForkJoinPool.commonPool-worker-9" daemon [_thread_blocked, id=16260, stack(0x000000594b300000,0x000000594b400000) (1024K)]
  0x0000024afaef51a0 JavaThread "Java Debug Server"          daemon [_thread_in_native, id=11036, stack(0x0000005949900000,0x0000005949a00000) (1024K)]
  0x0000024afaef7270 JavaThread "RxSchedulerPurge-1"         daemon [_thread_blocked, id=2120, stack(0x000000594be00000,0x000000594bf00000) (1024K)]
  0x0000024af942c700 JavaThread "RxCachedWorkerPoolEvictor-1" daemon [_thread_blocked, id=17856, stack(0x000000594bf00000,0x000000594c000000) (1024K)]
  0x0000024afc4efea0 JavaThread "Compiler Source File Reader" daemon [_thread_blocked, id=16912, stack(0x000000594d000000,0x000000594d100000) (1024K)]
  0x0000024afc4f0530 JavaThread "Worker-13"                         [_thread_blocked, id=20712, stack(0x000000594d600000,0x000000594d700000) (1024K)]
  0x0000024afaef7f90 JavaThread "pool-3-thread-2"                   [_thread_in_native, id=13448, stack(0x000000594b100000,0x000000594b200000) (1024K)]
  0x0000024af451c370 JavaThread "RxNewThreadScheduler-3"     daemon [_thread_blocked, id=10788, stack(0x000000594cc00000,0x000000594cd00000) (1024K)]
  0x0000024af4520510 JavaThread "process reaper (pid 17712)" daemon [_thread_in_native, id=11080, stack(0x0000005949320000,0x0000005949340000) (128K)]
  0x0000024afcdf4cd0 JavaThread "Worker-15"                         [_thread_blocked, id=18668, stack(0x000000594d500000,0x000000594d600000) (1024K)]
  0x0000024afcdf5360 JavaThread "pool-3-thread-3"                   [_thread_in_native, id=7428, stack(0x000000594d900000,0x000000594da00000) (1024K)]
  0x0000024afcdf59f0 JavaThread "RxNewThreadScheduler-5"     daemon [_thread_blocked, id=2324, stack(0x000000594da00000,0x000000594db00000) (1024K)]
  0x0000024afcdf6080 JavaThread "process reaper (pid 22064)" daemon [_thread_in_native, id=3676, stack(0x0000005949340000,0x0000005949360000) (128K)]
Total: 58

Other Threads:
  0x0000024af2a02c10 VMThread "VM Thread"                           [id=22896, stack(0x0000005949d00000,0x0000005949e00000) (1024K)]
  0x0000024adc017510 WatcherThread "VM Periodic Task Thread"        [id=14152, stack(0x0000005949c00000,0x0000005949d00000) (1024K)]
  0x0000024adbfcb820 WorkerThread "GC Thread#0"                     [id=4988, stack(0x0000005949b00000,0x0000005949c00000) (1024K)]
  0x0000024af49e35e0 WorkerThread "GC Thread#1"                     [id=5212, stack(0x000000594a800000,0x000000594a900000) (1024K)]
  0x0000024af49e3da0 WorkerThread "GC Thread#2"                     [id=5592, stack(0x000000594a900000,0x000000594aa00000) (1024K)]
  0x0000024af49e4150 WorkerThread "GC Thread#3"                     [id=6064, stack(0x000000594aa00000,0x000000594ab00000) (1024K)]
  0x0000024af4a4fe90 WorkerThread "GC Thread#4"                     [id=7740, stack(0x000000594ab00000,0x000000594ac00000) (1024K)]
  0x0000024af4a50240 WorkerThread "GC Thread#5"                     [id=18488, stack(0x000000594ac00000,0x000000594ad00000) (1024K)]
  0x0000024af4a505f0 WorkerThread "GC Thread#6"                     [id=21168, stack(0x000000594ad00000,0x000000594ae00000) (1024K)]
  0x0000024af4d62300 WorkerThread "GC Thread#7"                     [id=5708, stack(0x000000594b600000,0x000000594b700000) (1024K)]
Total: 10

Threads with active compile tasks:
Total: 0

VM state: not at safepoint (normal execution)

VM Mutex/Monitor currently owned by a thread: None

Heap address: 0x0000000080000000, size: 2048 MB, Compressed Oops mode: 32-bit

CDS archive(s) mapped at: [0x0000024a80000000-0x0000024a80ba0000-0x0000024a80ba0000), size 12189696, SharedBaseAddress: 0x0000024a80000000, ArchiveRelocationMode: 1.
Compressed class space mapped at: 0x0000024a81000000-0x0000024ac1000000, reserved size: 1073741824
Narrow klass base: 0x0000024a80000000, Narrow klass shift: 0, Narrow klass range: 0x100000000

GC Precious Log:
 CardTable entry size: 512
 CPUs: 8 total, 8 available
 Memory: 7998M
 Large Page Support: Disabled
 NUMA Support: Disabled
 Compressed Oops: Enabled (32-bit)
 Alignments: Space 512K, Generation 512K, Heap 2M
 Heap Min Capacity: 100M
 Heap Initial Capacity: 100M
 Heap Max Capacity: 2G
 Pre-touch: Disabled
 Parallel Workers: 8

Heap:
 PSYoungGen      total 6144K, used 4393K [0x00000000d5580000, 0x00000000d5d80000, 0x0000000100000000)
  eden space 5120K, 83% used [0x00000000d5580000,0x00000000d59aa460,0x00000000d5a80000)
  from space 1024K, 12% used [0x00000000d5c00000,0x00000000d5c20000,0x00000000d5d00000)
  to   space 512K, 0% used [0x00000000d5d00000,0x00000000d5d00000,0x00000000d5d80000)
 ParOldGen       total 885760K, used 232718K [0x0000000080000000, 0x00000000b6100000, 0x00000000d5580000)
  object space 885760K, 26% used [0x0000000080000000,0x000000008e343ab8,0x00000000b6100000)
 Metaspace       used 82031K, committed 83712K, reserved 1179648K
  class space    used 8707K, committed 9408K, reserved 1048576K

Card table byte_map: [0x0000024adb980000,0x0000024adbd90000] _byte_map_base: 0x0000024adb580000

Marking Bits: (ParMarkBitMap*) 0x00007fff401a4460
 Begin Bits: [0x0000024aee460000, 0x0000024af0460000)
 End Bits:   [0x0000024af0460000, 0x0000024af2460000)

Polling page: 0x0000024adb770000

Metaspace:

Usage:
  Non-class:     71.60 MB used.
      Class:      8.50 MB used.
       Both:     80.11 MB used.

Virtual space:
  Non-class space:      128.00 MB reserved,      72.56 MB ( 57%) committed,  2 nodes.
      Class space:        1.00 GB reserved,       9.19 MB ( <1%) committed,  1 nodes.
             Both:        1.12 GB reserved,      81.75 MB (  7%) committed. 

Chunk freelists:
   Non-Class:  7.39 MB
       Class:  6.79 MB
        Both:  14.18 MB

MaxMetaspaceSize: unlimited
CompressedClassSpaceSize: 1.00 GB
Initial GC threshold: 21.00 MB
Current GC threshold: 136.06 MB
CDS: on
 - commit_granule_bytes: 65536.
 - commit_granule_words: 8192.
 - virtual_space_node_default_size: 8388608.
 - enlarge_chunks_in_place: 1.
 - use_allocation_guard: 0.


Internal statistics:

num_allocs_failed_limit: 9.
num_arena_births: 1396.
num_arena_deaths: 30.
num_vsnodes_births: 3.
num_vsnodes_deaths: 0.
num_space_committed: 1308.
num_space_uncommitted: 0.
num_chunks_returned_to_freelist: 47.
num_chunks_taken_from_freelist: 5283.
num_chunk_merges: 16.
num_chunk_splits: 3153.
num_chunks_enlarged: 1739.
num_inconsistent_stats: 0.

CodeHeap 'non-profiled nmethods': size=120000Kb used=13597Kb max_used=13791Kb free=106402Kb
 bounds [0x0000024ae6c80000, 0x0000024ae7a10000, 0x0000024aee1b0000]
CodeHeap 'profiled nmethods': size=120000Kb used=32909Kb max_used=35512Kb free=87090Kb
 bounds [0x0000024adf1b0000, 0x0000024ae1460000, 0x0000024ae66e0000]
CodeHeap 'non-nmethods': size=5760Kb used=1513Kb max_used=1601Kb free=4246Kb
 bounds [0x0000024ae66e0000, 0x0000024ae6950000, 0x0000024ae6c80000]
CodeCache: size=245760Kb, used=48019Kb, max_used=50904Kb, free=197738Kb
 total_blobs=14926, nmethods=14084, adapters=744, full_count=0
Compilation: enabled, stopped_count=0, restarted_count=0

Compilation events (20 events):
Event: 856.592 Thread 0x0000024af2a3fa70 16057       3       com.microsoft.java.debug.core.protocol.Requests$Command$$Lambda/0x0000024a818d8420::test (12 bytes)
Event: 856.593 Thread 0x0000024af2a3fa70 nmethod 16057 0x0000024adf2f0490 code [0x0000024adf2f0660, 0x0000024adf2f0920]
Event: 856.593 Thread 0x0000024af2a3fa70 16058       3       com.microsoft.java.debug.core.protocol.Requests$Command::lambda$parse$0 (9 bytes)
Event: 856.593 Thread 0x0000024af2a3fa70 nmethod 16058 0x0000024adf25b810 code [0x0000024adf25b9c0, 0x0000024adf25bb08]
Event: 856.595 Thread 0x0000024af2a3fa70 16059       3       com.google.gson.JsonObject::<init> (17 bytes)
Event: 856.595 Thread 0x0000024af2a3fa70 nmethod 16059 0x0000024adf3a3f10 code [0x0000024adf3a40e0, 0x0000024adf3a43e8]
Event: 856.596 Thread 0x0000024af2a3fa70 16060       3       sun.nio.ch.NioSocketImpl::ensureOpenAndConnected (36 bytes)
Event: 856.596 Thread 0x0000024af2a3fa70 nmethod 16060 0x0000024adf3ad110 code [0x0000024adf3ad2e0, 0x0000024adf3ad5d0]
Event: 857.615 Thread 0x0000024af2a3fa70 16061       3       java.util.Spliterators$EmptySpliterator::tryAdvance (7 bytes)
Event: 857.615 Thread 0x0000024af2a3fa70 nmethod 16061 0x0000024adf34b390 code [0x0000024adf34b540, 0x0000024adf34b7a8]
Event: 858.809 Thread 0x0000024af2a3fa70 16062       3       java.lang.StackFrameInfo::getClassName (8 bytes)
Event: 858.810 Thread 0x0000024af2a3fa70 nmethod 16062 0x0000024adf240c10 code [0x0000024adf240de0, 0x0000024adf241220]
Event: 862.195 Thread 0x0000024af2a3fa70 16063       3       java.util.logging.LogManager$LoggerContext::requiresDefaultLoggers (29 bytes)
Event: 862.195 Thread 0x0000024af2a3fa70 nmethod 16063 0x0000024adf5bec10 code [0x0000024adf5bedc0, 0x0000024adf5befc8]
Event: 869.714 Thread 0x0000024af2a3fa70 16064       3       java.util.concurrent.ConcurrentHashMap$Traverser::<init> (36 bytes)
Event: 869.714 Thread 0x0000024af2a3fa70 nmethod 16064 0x0000024adf2aa990 code [0x0000024adf2aab40, 0x0000024adf2aace8]
Event: 870.722 Thread 0x0000024af2a3fa70 16065       3       java.util.concurrent.ConcurrentHashMap$BaseIterator::<init> (21 bytes)
Event: 870.723 Thread 0x0000024af2a3fa70 nmethod 16065 0x0000024adf2c1210 code [0x0000024adf2c13c0, 0x0000024adf2c1560]
Event: 889.723 Thread 0x0000024af2a2dc40 16066   !   4       java.util.concurrent.locks.AbstractQueuedSynchronizer::tryInitializeHead (66 bytes)
Event: 889.732 Thread 0x0000024af2a2dc40 nmethod 16066 0x0000024ae6ff5f90 code [0x0000024ae6ff6120, 0x0000024ae6ff62f8]

GC Heap History (20 events):
Event: 838.208 GC heap before
{Heap before GC invocations=826 (full 4):
 PSYoungGen      total 5632K, used 4464K [0x00000000d5580000, 0x00000000d5c80000, 0x0000000100000000)
  eden space 3072K, 100% used [0x00000000d5580000,0x00000000d5880000,0x00000000d5880000)
  from space 2560K, 54% used [0x00000000d5880000,0x00000000d59dc000,0x00000000d5b00000)
  to   space 1536K, 0% used [0x00000000d5b00000,0x00000000d5b00000,0x00000000d5c80000)
 ParOldGen       total 885760K, used 226167K [0x0000000080000000, 0x00000000b6100000, 0x00000000d5580000)
  object space 885760K, 25% used [0x0000000080000000,0x000000008dcddf28,0x00000000b6100000)
 Metaspace       used 81906K, committed 83584K, reserved 1179648K
  class space    used 8707K, committed 9408K, reserved 1048576K
}
Event: 838.211 GC heap after
{Heap after GC invocations=826 (full 4):
 PSYoungGen      total 5632K, used 832K [0x00000000d5580000, 0x00000000d5c80000, 0x0000000100000000)
  eden space 4096K, 0% used [0x00000000d5580000,0x00000000d5580000,0x00000000d5980000)
  from space 1536K, 54% used [0x00000000d5b00000,0x00000000d5bd0000,0x00000000d5c80000)
  to   space 1536K, 0% used [0x00000000d5980000,0x00000000d5980000,0x00000000d5b00000)
 ParOldGen       total 885760K, used 227415K [0x0000000080000000, 0x00000000b6100000, 0x00000000d5580000)
  object space 885760K, 25% used [0x0000000080000000,0x000000008de15f28,0x00000000b6100000)
 Metaspace       used 81906K, committed 83584K, reserved 1179648K
  class space    used 8707K, committed 9408K, reserved 1048576K
}
Event: 838.244 GC heap before
{Heap before GC invocations=827 (full 4):
 PSYoungGen      total 5632K, used 4928K [0x00000000d5580000, 0x00000000d5c80000, 0x0000000100000000)
  eden space 4096K, 100% used [0x00000000d5580000,0x00000000d5980000,0x00000000d5980000)
  from space 1536K, 54% used [0x00000000d5b00000,0x00000000d5bd0000,0x00000000d5c80000)
  to   space 1536K, 0% used [0x00000000d5980000,0x00000000d5980000,0x00000000d5b00000)
 ParOldGen       total 885760K, used 227415K [0x0000000080000000, 0x00000000b6100000, 0x00000000d5580000)
  object space 885760K, 25% used [0x0000000080000000,0x000000008de15f28,0x00000000b6100000)
 Metaspace       used 81920K, committed 83648K, reserved 1179648K
  class space    used 8707K, committed 9408K, reserved 1048576K
}
Event: 838.252 GC heap after
{Heap after GC invocations=827 (full 4):
 PSYoungGen      total 5632K, used 800K [0x00000000d5580000, 0x00000000d5c80000, 0x0000000100000000)
  eden space 4096K, 0% used [0x00000000d5580000,0x00000000d5580000,0x00000000d5980000)
  from space 1536K, 52% used [0x00000000d5980000,0x00000000d5a48000,0x00000000d5b00000)
  to   space 1024K, 0% used [0x00000000d5b80000,0x00000000d5b80000,0x00000000d5c80000)
 ParOldGen       total 885760K, used 228091K [0x0000000080000000, 0x00000000b6100000, 0x00000000d5580000)
  object space 885760K, 25% used [0x0000000080000000,0x000000008debef38,0x00000000b6100000)
 Metaspace       used 81920K, committed 83648K, reserved 1179648K
  class space    used 8707K, committed 9408K, reserved 1048576K
}
Event: 838.280 GC heap before
{Heap before GC invocations=828 (full 4):
 PSYoungGen      total 5632K, used 4896K [0x00000000d5580000, 0x00000000d5c80000, 0x0000000100000000)
  eden space 4096K, 100% used [0x00000000d5580000,0x00000000d5980000,0x00000000d5980000)
  from space 1536K, 52% used [0x00000000d5980000,0x00000000d5a48000,0x00000000d5b00000)
  to   space 1024K, 0% used [0x00000000d5b80000,0x00000000d5b80000,0x00000000d5c80000)
 ParOldGen       total 885760K, used 228091K [0x0000000080000000, 0x00000000b6100000, 0x00000000d5580000)
  object space 885760K, 25% used [0x0000000080000000,0x000000008debef38,0x00000000b6100000)
 Metaspace       used 81935K, committed 83648K, reserved 1179648K
  class space    used 8707K, committed 9408K, reserved 1048576K
}
Event: 838.282 GC heap after
{Heap after GC invocations=828 (full 4):
 PSYoungGen      total 5632K, used 288K [0x00000000d5580000, 0x00000000d5c00000, 0x0000000100000000)
  eden space 5120K, 0% used [0x00000000d5580000,0x00000000d5580000,0x00000000d5a80000)
  from space 512K, 56% used [0x00000000d5b80000,0x00000000d5bc8000,0x00000000d5c00000)
  to   space 512K, 0% used [0x00000000d5b00000,0x00000000d5b00000,0x00000000d5b80000)
 ParOldGen       total 885760K, used 228233K [0x0000000080000000, 0x00000000b6100000, 0x00000000d5580000)
  object space 885760K, 25% used [0x0000000080000000,0x000000008dee2710,0x00000000b6100000)
 Metaspace       used 81935K, committed 83648K, reserved 1179648K
  class space    used 8707K, committed 9408K, reserved 1048576K
}
Event: 838.770 GC heap before
{Heap before GC invocations=829 (full 4):
 PSYoungGen      total 5632K, used 5408K [0x00000000d5580000, 0x00000000d5c00000, 0x0000000100000000)
  eden space 5120K, 100% used [0x00000000d5580000,0x00000000d5a80000,0x00000000d5a80000)
  from space 512K, 56% used [0x00000000d5b80000,0x00000000d5bc8000,0x00000000d5c00000)
  to   space 512K, 0% used [0x00000000d5b00000,0x00000000d5b00000,0x00000000d5b80000)
 ParOldGen       total 885760K, used 228233K [0x0000000080000000, 0x00000000b6100000, 0x00000000d5580000)
  object space 885760K, 25% used [0x0000000080000000,0x000000008dee2710,0x00000000b6100000)
 Metaspace       used 81970K, committed 83712K, reserved 1179648K
  class space    used 8707K, committed 9408K, reserved 1048576K
}
Event: 838.771 GC heap after
{Heap after GC invocations=829 (full 4):
 PSYoungGen      total 5632K, used 160K [0x00000000d5580000, 0x00000000d5c00000, 0x0000000100000000)
  eden space 5120K, 0% used [0x00000000d5580000,0x00000000d5580000,0x00000000d5a80000)
  from space 512K, 31% used [0x00000000d5b00000,0x00000000d5b28000,0x00000000d5b80000)
  to   space 512K, 0% used [0x00000000d5b80000,0x00000000d5b80000,0x00000000d5c00000)
 ParOldGen       total 885760K, used 228329K [0x0000000080000000, 0x00000000b6100000, 0x00000000d5580000)
  object space 885760K, 25% used [0x0000000080000000,0x000000008defa710,0x00000000b6100000)
 Metaspace       used 81970K, committed 83712K, reserved 1179648K
  class space    used 8707K, committed 9408K, reserved 1048576K
}
Event: 848.750 GC heap before
{Heap before GC invocations=830 (full 4):
 PSYoungGen      total 5632K, used 5280K [0x00000000d5580000, 0x00000000d5c00000, 0x0000000100000000)
  eden space 5120K, 100% used [0x00000000d5580000,0x00000000d5a80000,0x00000000d5a80000)
  from space 512K, 31% used [0x00000000d5b00000,0x00000000d5b28000,0x00000000d5b80000)
  to   space 512K, 0% used [0x00000000d5b80000,0x00000000d5b80000,0x00000000d5c00000)
 ParOldGen       total 885760K, used 228329K [0x0000000080000000, 0x00000000b6100000, 0x00000000d5580000)
  object space 885760K, 25% used [0x0000000080000000,0x000000008defa710,0x00000000b6100000)
 Metaspace       used 81976K, committed 83712K, reserved 1179648K
  class space    used 8707K, committed 9408K, reserved 1048576K
}
Event: 848.753 GC heap after
{Heap after GC invocations=830 (full 4):
 PSYoungGen      total 5632K, used 256K [0x00000000d5580000, 0x00000000d5c00000, 0x0000000100000000)
  eden space 5120K, 0% used [0x00000000d5580000,0x00000000d5580000,0x00000000d5a80000)
  from space 512K, 50% used [0x00000000d5b80000,0x00000000d5bc0000,0x00000000d5c00000)
  to   space 512K, 0% used [0x00000000d5b00000,0x00000000d5b00000,0x00000000d5b80000)
 ParOldGen       total 885760K, used 228369K [0x0000000080000000, 0x00000000b6100000, 0x00000000d5580000)
  object space 885760K, 25% used [0x0000000080000000,0x000000008df04710,0x00000000b6100000)
 Metaspace       used 81976K, committed 83712K, reserved 1179648K
  class space    used 8707K, committed 9408K, reserved 1048576K
}
Event: 852.459 GC heap before
{Heap before GC invocations=831 (full 4):
 PSYoungGen      total 5632K, used 5376K [0x00000000d5580000, 0x00000000d5c00000, 0x0000000100000000)
  eden space 5120K, 100% used [0x00000000d5580000,0x00000000d5a80000,0x00000000d5a80000)
  from space 512K, 50% used [0x00000000d5b80000,0x00000000d5bc0000,0x00000000d5c00000)
  to   space 512K, 0% used [0x00000000d5b00000,0x00000000d5b00000,0x00000000d5b80000)
 ParOldGen       total 885760K, used 228369K [0x0000000080000000, 0x00000000b6100000, 0x00000000d5580000)
  object space 885760K, 25% used [0x0000000080000000,0x000000008df04710,0x00000000b6100000)
 Metaspace       used 81983K, committed 83712K, reserved 1179648K
  class space    used 8707K, committed 9408K, reserved 1048576K
}
Event: 852.465 GC heap after
{Heap after GC invocations=831 (full 4):
 PSYoungGen      total 5632K, used 484K [0x00000000d5580000, 0x00000000d6180000, 0x0000000100000000)
  eden space 5120K, 0% used [0x00000000d5580000,0x00000000d5580000,0x00000000d5a80000)
  from space 512K, 94% used [0x00000000d5b00000,0x00000000d5b793a8,0x00000000d5b80000)
  to   space 3584K, 0% used [0x00000000d5e00000,0x00000000d5e00000,0x00000000d6180000)
 ParOldGen       total 885760K, used 230806K [0x0000000080000000, 0x00000000b6100000, 0x00000000d5580000)
  object space 885760K, 26% used [0x0000000080000000,0x000000008e165ab8,0x00000000b6100000)
 Metaspace       used 81983K, committed 83712K, reserved 1179648K
  class space    used 8707K, committed 9408K, reserved 1048576K
}
Event: 852.546 GC heap before
{Heap before GC invocations=832 (full 4):
 PSYoungGen      total 5632K, used 5604K [0x00000000d5580000, 0x00000000d6180000, 0x0000000100000000)
  eden space 5120K, 100% used [0x00000000d5580000,0x00000000d5a80000,0x00000000d5a80000)
  from space 512K, 94% used [0x00000000d5b00000,0x00000000d5b793a8,0x00000000d5b80000)
  to   space 3584K, 0% used [0x00000000d5e00000,0x00000000d5e00000,0x00000000d6180000)
 ParOldGen       total 885760K, used 230806K [0x0000000080000000, 0x00000000b6100000, 0x00000000d5580000)
  object space 885760K, 26% used [0x0000000080000000,0x000000008e165ab8,0x00000000b6100000)
 Metaspace       used 81986K, committed 83712K, reserved 1179648K
  class space    used 8707K, committed 9408K, reserved 1048576K
}
Event: 852.549 GC heap after
{Heap after GC invocations=832 (full 4):
 PSYoungGen      total 7680K, used 2080K [0x00000000d5580000, 0x00000000d6080000, 0x0000000100000000)
  eden space 5120K, 0% used [0x00000000d5580000,0x00000000d5580000,0x00000000d5a80000)
  from space 2560K, 81% used [0x00000000d5e00000,0x00000000d6008000,0x00000000d6080000)
  to   space 2560K, 0% used [0x00000000d5b80000,0x00000000d5b80000,0x00000000d5e00000)
 ParOldGen       total 885760K, used 230894K [0x0000000080000000, 0x00000000b6100000, 0x00000000d5580000)
  object space 885760K, 26% used [0x0000000080000000,0x000000008e17bab8,0x00000000b6100000)
 Metaspace       used 81986K, committed 83712K, reserved 1179648K
  class space    used 8707K, committed 9408K, reserved 1048576K
}
Event: 852.874 GC heap before
{Heap before GC invocations=833 (full 4):
 PSYoungGen      total 7680K, used 7200K [0x00000000d5580000, 0x00000000d6080000, 0x0000000100000000)
  eden space 5120K, 100% used [0x00000000d5580000,0x00000000d5a80000,0x00000000d5a80000)
  from space 2560K, 81% used [0x00000000d5e00000,0x00000000d6008000,0x00000000d6080000)
  to   space 2560K, 0% used [0x00000000d5b80000,0x00000000d5b80000,0x00000000d5e00000)
 ParOldGen       total 885760K, used 230894K [0x0000000080000000, 0x00000000b6100000, 0x00000000d5580000)
  object space 885760K, 26% used [0x0000000080000000,0x000000008e17bab8,0x00000000b6100000)
 Metaspace       used 82025K, committed 83712K, reserved 1179648K
  class space    used 8707K, committed 9408K, reserved 1048576K
}
Event: 852.878 GC heap after
{Heap after GC invocations=833 (full 4):
 PSYoungGen      total 5632K, used 400K [0x00000000d5580000, 0x00000000d5e80000, 0x0000000100000000)
  eden space 5120K, 0% used [0x00000000d5580000,0x00000000d5580000,0x00000000d5a80000)
  from space 512K, 78% used [0x00000000d5b80000,0x00000000d5be4010,0x00000000d5c00000)
  to   space 1536K, 0% used [0x00000000d5d00000,0x00000000d5d00000,0x00000000d5e80000)
 ParOldGen       total 885760K, used 232598K [0x0000000080000000, 0x00000000b6100000, 0x00000000d5580000)
  object space 885760K, 26% used [0x0000000080000000,0x000000008e325ab8,0x00000000b6100000)
 Metaspace       used 82025K, committed 83712K, reserved 1179648K
  class space    used 8707K, committed 9408K, reserved 1048576K
}
Event: 852.904 GC heap before
{Heap before GC invocations=834 (full 4):
 PSYoungGen      total 5632K, used 5520K [0x00000000d5580000, 0x00000000d5e80000, 0x0000000100000000)
  eden space 5120K, 100% used [0x00000000d5580000,0x00000000d5a80000,0x00000000d5a80000)
  from space 512K, 78% used [0x00000000d5b80000,0x00000000d5be4010,0x00000000d5c00000)
  to   space 1536K, 0% used [0x00000000d5d00000,0x00000000d5d00000,0x00000000d5e80000)
 ParOldGen       total 885760K, used 232598K [0x0000000080000000, 0x00000000b6100000, 0x00000000d5580000)
  object space 885760K, 26% used [0x0000000080000000,0x000000008e325ab8,0x00000000b6100000)
 Metaspace       used 82025K, committed 83712K, reserved 1179648K
  class space    used 8707K, committed 9408K, reserved 1048576K
}
Event: 852.906 GC heap after
{Heap after GC invocations=834 (full 4):
 PSYoungGen      total 6144K, used 880K [0x00000000d5580000, 0x00000000d5e00000, 0x0000000100000000)
  eden space 5120K, 0% used [0x00000000d5580000,0x00000000d5580000,0x00000000d5a80000)
  from space 1024K, 85% used [0x00000000d5d00000,0x00000000d5ddc010,0x00000000d5e00000)
  to   space 1024K, 0% used [0x00000000d5c00000,0x00000000d5c00000,0x00000000d5d00000)
 ParOldGen       total 885760K, used 232710K [0x0000000080000000, 0x00000000b6100000, 0x00000000d5580000)
  object space 885760K, 26% used [0x0000000080000000,0x000000008e341ab8,0x00000000b6100000)
 Metaspace       used 82025K, committed 83712K, reserved 1179648K
  class space    used 8707K, committed 9408K, reserved 1048576K
}
Event: 854.216 GC heap before
{Heap before GC invocations=835 (full 4):
 PSYoungGen      total 6144K, used 6000K [0x00000000d5580000, 0x00000000d5e00000, 0x0000000100000000)
  eden space 5120K, 100% used [0x00000000d5580000,0x00000000d5a80000,0x00000000d5a80000)
  from space 1024K, 85% used [0x00000000d5d00000,0x00000000d5ddc010,0x00000000d5e00000)
  to   space 1024K, 0% used [0x00000000d5c00000,0x00000000d5c00000,0x00000000d5d00000)
 ParOldGen       total 885760K, used 232710K [0x0000000080000000, 0x00000000b6100000, 0x00000000d5580000)
  object space 885760K, 26% used [0x0000000080000000,0x000000008e341ab8,0x00000000b6100000)
 Metaspace       used 82027K, committed 83712K, reserved 1179648K
  class space    used 8707K, committed 9408K, reserved 1048576K
}
Event: 854.218 GC heap after
{Heap after GC invocations=835 (full 4):
 PSYoungGen      total 6144K, used 128K [0x00000000d5580000, 0x00000000d5d80000, 0x0000000100000000)
  eden space 5120K, 0% used [0x00000000d5580000,0x00000000d5580000,0x00000000d5a80000)
  from space 1024K, 12% used [0x00000000d5c00000,0x00000000d5c20000,0x00000000d5d00000)
  to   space 512K, 0% used [0x00000000d5d00000,0x00000000d5d00000,0x00000000d5d80000)
 ParOldGen       total 885760K, used 232718K [0x0000000080000000, 0x00000000b6100000, 0x00000000d5580000)
  object space 885760K, 26% used [0x0000000080000000,0x000000008e343ab8,0x00000000b6100000)
 Metaspace       used 82027K, committed 83712K, reserved 1179648K
  class space    used 8707K, committed 9408K, reserved 1048576K
}

Dll operation events (14 events):
Event: 0.025 Loaded shared library c:\Users\Admin\.vscode\extensions\redhat.java-1.55.0-win32-x64\jre\21.0.11-win32-x86_64\bin\java.dll
Event: 0.258 Loaded shared library c:\Users\Admin\.vscode\extensions\redhat.java-1.55.0-win32-x64\jre\21.0.11-win32-x86_64\bin\zip.dll
Event: 0.307 Loaded shared library C:\Users\Admin\.vscode\extensions\redhat.java-1.55.0-win32-x64\jre\21.0.11-win32-x86_64\bin\instrument.dll
Event: 0.315 Loaded shared library C:\Users\Admin\.vscode\extensions\redhat.java-1.55.0-win32-x64\jre\21.0.11-win32-x86_64\bin\net.dll
Event: 0.320 Loaded shared library C:\Users\Admin\.vscode\extensions\redhat.java-1.55.0-win32-x64\jre\21.0.11-win32-x86_64\bin\nio.dll
Event: 0.327 Loaded shared library C:\Users\Admin\.vscode\extensions\redhat.java-1.55.0-win32-x64\jre\21.0.11-win32-x86_64\bin\zip.dll
Event: 0.365 Loaded shared library C:\Users\Admin\.vscode\extensions\redhat.java-1.55.0-win32-x64\jre\21.0.11-win32-x86_64\bin\jimage.dll
Event: 0.522 Loaded shared library c:\Users\Admin\.vscode\extensions\redhat.java-1.55.0-win32-x64\jre\21.0.11-win32-x86_64\bin\verify.dll
Event: 4.131 Loaded shared library C:\Users\Admin\AppData\Roaming\Code\User\globalStorage\redhat.java\1.55.0\config_win\org.eclipse.equinox.launcher\org.eclipse.equinox.launcher.win32.win32.x86_64_1.3.100.v20260613-0559\eclipse_11924.dll
Event: 12.037 Loaded shared library C:\Users\Admin\.vscode\extensions\redhat.java-1.55.0-win32-x64\jre\21.0.11-win32-x86_64\bin\management.dll
Event: 12.046 Loaded shared library C:\Users\Admin\.vscode\extensions\redhat.java-1.55.0-win32-x64\jre\21.0.11-win32-x86_64\bin\management_ext.dll
Event: 15.476 Loaded shared library C:\Users\Admin\AppData\Local\Temp\jna-63116079\jna49743791068086862.dll
Event: 15.738 Loaded shared library C:\Users\Admin\.vscode\extensions\redhat.java-1.55.0-win32-x64\jre\21.0.11-win32-x86_64\bin\sunmscapi.dll
Event: 16.738 Loaded shared library C:\Users\Admin\.vscode\extensions\redhat.java-1.55.0-win32-x64\jre\21.0.11-win32-x86_64\bin\extnet.dll

Deoptimization events (20 events):
Event: 852.576 Thread 0x0000024afc4ef180 DEOPT PACKING pc=0x0000024ae6cc4b38 sp=0x000000594c0fdc90
Event: 852.576 Thread 0x0000024afc4ef180 DEOPT UNPACKING pc=0x0000024ae6733aa2 sp=0x000000594c0fdc58 mode 2
Event: 852.585 Thread 0x0000024afc4ef180 Uncommon trap: trap_request=0xffffffd6 fr.pc=0x0000024ae79c7830 relative=0x0000000000000ed0
Event: 852.585 Thread 0x0000024afc4ef180 Uncommon trap: reason=array_check action=maybe_recompile pc=0x0000024ae79c7830 method=java.util.TimSort.mergeHi(IIII)V @ 282 c2
Event: 852.585 Thread 0x0000024afc4ef180 DEOPT PACKING pc=0x0000024ae79c7830 sp=0x000000594c0fdf10
Event: 852.585 Thread 0x0000024afc4ef180 DEOPT UNPACKING pc=0x0000024ae6733aa2 sp=0x000000594c0fdec8 mode 2
Event: 852.887 Thread 0x0000024af94308a0 Uncommon trap: trap_request=0xffffff76 fr.pc=0x0000024ae6e410e0 relative=0x0000000000001000
Event: 852.887 Thread 0x0000024af94308a0 Uncommon trap: reason=predicate action=maybe_recompile pc=0x0000024ae6e410e0 method=java.util.TimSort.mergeHi(IIII)V @ 191 c2
Event: 852.887 Thread 0x0000024af94308a0 DEOPT PACKING pc=0x0000024ae6e410e0 sp=0x000000594b3fda70
Event: 852.887 Thread 0x0000024af94308a0 DEOPT UNPACKING pc=0x0000024ae6733aa2 sp=0x000000594b3fda70 mode 2
Event: 852.911 Thread 0x0000024af94308a0 Uncommon trap: trap_request=0xffffffd6 fr.pc=0x0000024ae79c76f0 relative=0x0000000000000d90
Event: 852.911 Thread 0x0000024af94308a0 Uncommon trap: reason=array_check action=maybe_recompile pc=0x0000024ae79c76f0 method=java.util.TimSort.mergeHi(IIII)V @ 250 c2
Event: 852.911 Thread 0x0000024af94308a0 DEOPT PACKING pc=0x0000024ae79c76f0 sp=0x000000594b3fe180
Event: 852.911 Thread 0x0000024af94308a0 DEOPT UNPACKING pc=0x0000024ae6733aa2 sp=0x000000594b3fe138 mode 2
Event: 854.219 Thread 0x0000024af94308a0 DEOPT PACKING pc=0x0000024ae0b16200 sp=0x000000594b3fe1d0
Event: 854.220 Thread 0x0000024af94308a0 DEOPT UNPACKING pc=0x0000024ae6734242 sp=0x000000594b3fd5e8 mode 0
Event: 856.581 Thread 0x0000024afcdf5360 Uncommon trap: trap_request=0xffffffc6 fr.pc=0x0000024ae70acfdc relative=0x00000000000003dc
Event: 856.581 Thread 0x0000024afcdf5360 Uncommon trap: reason=bimorphic_or_optimized_type_check action=maybe_recompile pc=0x0000024ae70acfdc method=java.lang.ThreadLocal.set(Ljava/lang/Thread;Ljava/lang/Object;)V @ 22 c2
Event: 856.581 Thread 0x0000024afcdf5360 DEOPT PACKING pc=0x0000024ae70acfdc sp=0x000000594d9ff0f0
Event: 856.581 Thread 0x0000024afcdf5360 DEOPT UNPACKING pc=0x0000024ae6733aa2 sp=0x000000594d9ff038 mode 2

Classes loaded (20 events):
Event: 590.029 Loading class java/util/Timer$ThreadReaper
Event: 590.029 Loading class java/util/Timer$ThreadReaper done
Event: 590.040 Loading class java/util/concurrent/CompletableFuture$UniWhenComplete
Event: 590.041 Loading class java/util/concurrent/CompletableFuture$UniWhenComplete done
Event: 590.042 Loading class java/util/concurrent/CompletableFuture$UniCompose
Event: 590.043 Loading class java/util/concurrent/CompletableFuture$UniCompose done
Event: 590.043 Loading class java/util/concurrent/CompletableFuture$UniRelay
Event: 590.043 Loading class java/util/concurrent/CompletableFuture$UniRelay done
Event: 590.716 Loading class java/util/concurrent/ScheduledThreadPoolExecutor$DelayedWorkQueue$Itr
Event: 590.716 Loading class java/util/concurrent/ScheduledThreadPoolExecutor$DelayedWorkQueue$Itr done
Event: 592.277 Loading class java/lang/ProcessHandleImpl$ExitCompletion
Event: 592.278 Loading class java/lang/ProcessHandleImpl$ExitCompletion done
Event: 592.278 Loading class java/lang/ProcessHandleImpl$1
Event: 592.282 Loading class java/lang/ProcessHandleImpl$1 done
Event: 592.285 Loading class java/util/concurrent/CompletableFuture$UniHandle
Event: 592.285 Loading class java/util/concurrent/CompletableFuture$UniHandle done
Event: 722.335 Loading class java/util/function/IntPredicate
Event: 722.340 Loading class java/util/function/IntPredicate done
Event: 722.369 Loading class java/util/regex/Pattern$Bound
Event: 722.370 Loading class java/util/regex/Pattern$Bound done

Classes unloaded (15 events):
Event: 13.523 Thread 0x0000024af2a02c10 Unloading class 0x0000024a811b0800 'java/lang/invoke/LambdaForm$MH+0x0000024a811b0800'
Event: 13.523 Thread 0x0000024af2a02c10 Unloading class 0x0000024a811b0400 'java/lang/invoke/LambdaForm$MH+0x0000024a811b0400'
Event: 13.523 Thread 0x0000024af2a02c10 Unloading class 0x0000024a811b0000 'java/lang/invoke/LambdaForm$MH+0x0000024a811b0000'
Event: 13.523 Thread 0x0000024af2a02c10 Unloading class 0x0000024a811afc00 'java/lang/invoke/LambdaForm$MH+0x0000024a811afc00'
Event: 13.523 Thread 0x0000024af2a02c10 Unloading class 0x0000024a811af800 'java/lang/invoke/LambdaForm$BMH+0x0000024a811af800'
Event: 13.523 Thread 0x0000024af2a02c10 Unloading class 0x0000024a811af400 'java/lang/invoke/LambdaForm$DMH+0x0000024a811af400'
Event: 13.523 Thread 0x0000024af2a02c10 Unloading class 0x0000024a811ae000 'java/lang/invoke/LambdaForm$DMH+0x0000024a811ae000'
Event: 15.791 Thread 0x0000024af2a02c10 Unloading class 0x0000024a812e7000 'java/lang/invoke/LambdaForm$MH+0x0000024a812e7000'
Event: 15.791 Thread 0x0000024af2a02c10 Unloading class 0x0000024a812e6400 'java/lang/invoke/LambdaForm$MH+0x0000024a812e6400'
Event: 15.791 Thread 0x0000024af2a02c10 Unloading class 0x0000024a812e5c00 'java/lang/invoke/LambdaForm$MH+0x0000024a812e5c00'
Event: 15.791 Thread 0x0000024af2a02c10 Unloading class 0x0000024a812e5800 'java/lang/invoke/LambdaForm$DMH+0x0000024a812e5800'
Event: 836.271 Thread 0x0000024af2a02c10 Unloading class 0x0000024a8186a400 'java/lang/invoke/LambdaForm$MH+0x0000024a8186a400'
Event: 836.271 Thread 0x0000024af2a02c10 Unloading class 0x0000024a81869c00 'java/lang/invoke/LambdaForm$MH+0x0000024a81869c00'
Event: 836.271 Thread 0x0000024af2a02c10 Unloading class 0x0000024a81869400 'java/lang/invoke/LambdaForm$MH+0x0000024a81869400'
Event: 836.271 Thread 0x0000024af2a02c10 Unloading class 0x0000024a81869000 'java/lang/invoke/LambdaForm$MH+0x0000024a81869000'

Classes redefined (0 events):
No events

Internal exceptions (20 events):
Event: 745.536 Thread 0x0000024af451ead0 Exception <a 'sun/nio/fs/WindowsException'{0x00000000d5938c38}> (0x00000000d5938c38) 
thrown [s\src\hotspot\share\prims\jni.cpp, line 520]
Event: 745.537 Thread 0x0000024af451ead0 Exception <a 'sun/nio/fs/WindowsException'{0x00000000d5939af0}> (0x00000000d5939af0) 
thrown [s\src\hotspot\share\prims\jni.cpp, line 520]
Event: 745.537 Thread 0x0000024af451ead0 Exception <a 'sun/nio/fs/WindowsException'{0x00000000d593a120}> (0x00000000d593a120) 
thrown [s\src\hotspot\share\prims\jni.cpp, line 520]
Event: 817.715 Thread 0x0000024af9431c50 Exception <a 'sun/nio/fs/WindowsException'{0x00000000d558f540}> (0x00000000d558f540) 
thrown [s\src\hotspot\share\prims\jni.cpp, line 520]
Event: 817.844 Thread 0x0000024af9431c50 Exception <a 'java/io/IOException'{0x00000000d55a6480}> (0x00000000d55a6480) 
thrown [s\src\hotspot\share\prims\jni.cpp, line 520]
Event: 817.844 Thread 0x0000024af9431c50 Exception <a 'java/io/IOException'{0x00000000d55a67a8}> (0x00000000d55a67a8) 
thrown [s\src\hotspot\share\prims\jni.cpp, line 520]
Event: 838.039 Thread 0x0000024af9431c50 Exception <a 'sun/nio/fs/WindowsException'{0x00000000d55d5df8}> (0x00000000d55d5df8) 
thrown [s\src\hotspot\share\prims\jni.cpp, line 520]
Event: 838.191 Thread 0x0000024af9431c50 Exception <a 'java/io/IOException'{0x00000000d56ed8e0}> (0x00000000d56ed8e0) 
thrown [s\src\hotspot\share\prims\jni.cpp, line 520]
Event: 838.191 Thread 0x0000024af9431c50 Exception <a 'java/io/IOException'{0x00000000d56edc08}> (0x00000000d56edc08) 
thrown [s\src\hotspot\share\prims\jni.cpp, line 520]
Event: 852.446 Thread 0x0000024af9431c50 Exception <a 'sun/nio/fs/WindowsException'{0x00000000d5761330}> (0x00000000d5761330) 
thrown [s\src\hotspot\share\prims\jni.cpp, line 520]
Event: 852.491 Thread 0x0000024af9431c50 Exception <a 'java/io/IOException'{0x00000000d595d5f0}> (0x00000000d595d5f0) 
thrown [s\src\hotspot\share\prims\jni.cpp, line 520]
Event: 852.491 Thread 0x0000024af9431c50 Exception <a 'java/io/IOException'{0x00000000d595d918}> (0x00000000d595d918) 
thrown [s\src\hotspot\share\prims\jni.cpp, line 520]
Event: 856.553 Thread 0x0000024af94308a0 Exception <a 'sun/nio/fs/WindowsException'{0x00000000d5885410}> (0x00000000d5885410) 
thrown [s\src\hotspot\share\prims\jni.cpp, line 520]
Event: 856.554 Thread 0x0000024af94308a0 Exception <a 'sun/nio/fs/WindowsException'{0x00000000d5885a60}> (0x00000000d5885a60) 
thrown [s\src\hotspot\share\prims\jni.cpp, line 520]
Event: 856.555 Thread 0x0000024af94308a0 Exception <a 'sun/nio/fs/WindowsException'{0x00000000d58866c8}> (0x00000000d58866c8) 
thrown [s\src\hotspot\share\prims\jni.cpp, line 520]
Event: 856.555 Thread 0x0000024af94308a0 Exception <a 'sun/nio/fs/WindowsException'{0x00000000d5886fa8}> (0x00000000d5886fa8) 
thrown [s\src\hotspot\share\prims\jni.cpp, line 520]
Event: 856.556 Thread 0x0000024af94308a0 Exception <a 'sun/nio/fs/WindowsException'{0x00000000d5888568}> (0x00000000d5888568) 
thrown [s\src\hotspot\share\prims\jni.cpp, line 520]
Event: 856.556 Thread 0x0000024af94308a0 Exception <a 'sun/nio/fs/WindowsException'{0x00000000d5888b98}> (0x00000000d5888b98) 
thrown [s\src\hotspot\share\prims\jni.cpp, line 520]
Event: 856.556 Thread 0x0000024af94308a0 Exception <a 'sun/nio/fs/WindowsException'{0x00000000d58897d8}> (0x00000000d58897d8) 
thrown [s\src\hotspot\share\prims\jni.cpp, line 520]
Event: 856.556 Thread 0x0000024af94308a0 Exception <a 'sun/nio/fs/WindowsException'{0x00000000d5889e08}> (0x00000000d5889e08) 
thrown [s\src\hotspot\share\prims\jni.cpp, line 520]

ZGC Phase Switch (0 events):
No events

VM Operations (20 events):
Event: 841.668 Executing non-safepoint VM operation: RendezvousGCThreads
Event: 841.668 Executing non-safepoint VM operation: RendezvousGCThreads done
Event: 848.750 Executing safepoint VM operation: ParallelGCFailedAllocation (Allocation Failure)
Event: 848.753 Executing safepoint VM operation: ParallelGCFailedAllocation (Allocation Failure) done
Event: 852.459 Executing safepoint VM operation: ParallelGCFailedAllocation (Allocation Failure)
Event: 852.465 Executing safepoint VM operation: ParallelGCFailedAllocation (Allocation Failure) done
Event: 852.546 Executing safepoint VM operation: ParallelGCFailedAllocation (Allocation Failure)
Event: 852.549 Executing safepoint VM operation: ParallelGCFailedAllocation (Allocation Failure) done
Event: 852.874 Executing safepoint VM operation: ParallelGCFailedAllocation (Allocation Failure)
Event: 852.878 Executing safepoint VM operation: ParallelGCFailedAllocation (Allocation Failure) done
Event: 852.904 Executing safepoint VM operation: ParallelGCFailedAllocation (Allocation Failure)
Event: 852.906 Executing safepoint VM operation: ParallelGCFailedAllocation (Allocation Failure) done
Event: 854.216 Executing safepoint VM operation: ParallelGCFailedAllocation (Allocation Failure)
Event: 854.218 Executing safepoint VM operation: ParallelGCFailedAllocation (Allocation Failure) done
Event: 857.247 Executing safepoint VM operation: Cleanup
Event: 857.247 Executing safepoint VM operation: Cleanup done
Event: 901.725 Executing non-safepoint VM operation: HandshakeAllThreads (HandshakeForDeflation)
Event: 901.726 Executing non-safepoint VM operation: HandshakeAllThreads (HandshakeForDeflation) done
Event: 901.726 Executing non-safepoint VM operation: RendezvousGCThreads
Event: 901.726 Executing non-safepoint VM operation: RendezvousGCThreads done

Memory protections (0 events):
No events

Nmethod flushes (20 events):
Event: 836.828 Thread 0x0000024af2a02c10 flushing  nmethod 0x0000024ae0117710
Event: 836.828 Thread 0x0000024af2a02c10 flushing  nmethod 0x0000024ae0118190
Event: 836.828 Thread 0x0000024af2a02c10 flushing  nmethod 0x0000024ae0119010
Event: 836.828 Thread 0x0000024af2a02c10 flushing  nmethod 0x0000024ae011a110
Event: 836.828 Thread 0x0000024af2a02c10 flushing  nmethod 0x0000024ae011c990
Event: 836.828 Thread 0x0000024af2a02c10 flushing  nmethod 0x0000024ae011e690
Event: 836.828 Thread 0x0000024af2a02c10 flushing  nmethod 0x0000024ae0121690
Event: 836.828 Thread 0x0000024af2a02c10 flushing  nmethod 0x0000024ae0126e90
Event: 836.828 Thread 0x0000024af2a02c10 flushing  nmethod 0x0000024ae0127f10
Event: 836.828 Thread 0x0000024af2a02c10 flushing  nmethod 0x0000024ae012a910
Event: 836.828 Thread 0x0000024af2a02c10 flushing  nmethod 0x0000024ae012ef90
Event: 836.828 Thread 0x0000024af2a02c10 flushing  nmethod 0x0000024ae012fa10
Event: 836.828 Thread 0x0000024af2a02c10 flushing  nmethod 0x0000024ae0130610
Event: 836.829 Thread 0x0000024af2a02c10 flushing  nmethod 0x0000024ae013bb10
Event: 836.829 Thread 0x0000024af2a02c10 flushing  nmethod 0x0000024ae013fd10
Event: 836.829 Thread 0x0000024af2a02c10 flushing  nmethod 0x0000024ae0140810
Event: 836.829 Thread 0x0000024af2a02c10 flushing  nmethod 0x0000024ae0166690
Event: 836.830 Thread 0x0000024af2a02c10 flushing  nmethod 0x0000024ae0180210
Event: 836.830 Thread 0x0000024af2a02c10 flushing  nmethod 0x0000024ae018de10
Event: 836.830 Thread 0x0000024af2a02c10 flushing  nmethod 0x0000024ae0193190

Events (20 events):
Event: 817.816 Thread 0x0000024afc4f0530 Thread added: 0x0000024afc4ef180
Event: 818.379 Thread 0x0000024af2a2dc40 Thread added: 0x0000024afa04c690
Event: 818.714 Thread 0x0000024afa04c690 Thread exited: 0x0000024afa04c690
Event: 834.384 Thread 0x0000024af2a3fa70 Thread added: 0x0000024afa046060
Event: 834.554 Thread 0x0000024afa046060 Thread exited: 0x0000024afa046060
Event: 834.597 Thread 0x0000024af2a3fa70 Thread added: 0x0000024afa04c690
Event: 834.983 Thread 0x0000024afa04c690 Thread exited: 0x0000024afa04c690
Event: 835.024 Thread 0x0000024af2a3fa70 Thread added: 0x0000024afa049db0
Event: 839.833 Thread 0x0000024afa049db0 Thread exited: 0x0000024afa049db0
Event: 852.436 Thread 0x0000024afc4f0530 Thread added: 0x0000024afcdf4cd0
Event: 856.581 Thread 0x0000024afaef51a0 Thread added: 0x0000024afcdf5360
Event: 856.586 Thread 0x0000024afcdf5360 Thread added: 0x0000024afcdf59f0
Event: 856.595 Thread 0x0000024afcdf59f0 Thread added: 0x0000024afcdf6080
Event: 857.563 Thread 0x0000024afcdf5360 Thread added: 0x0000024afcdf6710
Event: 857.564 Thread 0x0000024afcdf6080 Thread exited: 0x0000024afcdf6080
Event: 858.808 Thread 0x0000024afcdf6710 Thread added: 0x0000024afcdf6080
Event: 858.810 Thread 0x0000024afcdf6710 Thread exited: 0x0000024afcdf6710
Event: 912.597 Thread 0x0000024afc4ef180 Thread exited: 0x0000024afc4ef180
Event: 912.612 Thread 0x0000024afc4f18e0 Thread exited: 0x0000024afc4f18e0
Event: 914.123 Thread 0x0000024af94315c0 Thread exited: 0x0000024af94315c0


Dynamic libraries:
0x00007ff765000000 - 0x00007ff76500e000 	c:\Users\Admin\.vscode\extensions\redhat.java-1.55.0-win32-x64\jre\21.0.11-win32-x86_64\bin\java.exe
0x00007ff81da70000 - 0x00007ff81dc88000 	C:\WINDOWS\SYSTEM32\ntdll.dll
0x00007ff81baa0000 - 0x00007ff81bb64000 	C:\WINDOWS\System32\KERNEL32.DLL
0x00007ff81b210000 - 0x00007ff81b5e3000 	C:\WINDOWS\System32\KERNELBASE.dll
0x00007ff81b5f0000 - 0x00007ff81b701000 	C:\WINDOWS\System32\ucrtbase.dll
0x00007ffffc110000 - 0x00007ffffc128000 	c:\Users\Admin\.vscode\extensions\redhat.java-1.55.0-win32-x64\jre\21.0.11-win32-x86_64\bin\jli.dll
0x00007ff81d4f0000 - 0x00007ff81d6a2000 	C:\WINDOWS\System32\USER32.dll
0x00007ff81b120000 - 0x00007ff81b146000 	C:\WINDOWS\System32\win32u.dll
0x00007ff81cb50000 - 0x00007ff81cb79000 	C:\WINDOWS\System32\GDI32.dll
0x00007ff81ae10000 - 0x00007ff81af2b000 	C:\WINDOWS\System32\gdi32full.dll
0x00007ff81ab80000 - 0x00007ff81ac1a000 	C:\WINDOWS\System32\msvcp_win.dll
0x00007ffffc0f0000 - 0x00007ffffc10e000 	c:\Users\Admin\.vscode\extensions\redhat.java-1.55.0-win32-x64\jre\21.0.11-win32-x86_64\bin\VCRUNTIME140.dll
0x00007ffff8440000 - 0x00007ffff86dc000 	C:\WINDOWS\WinSxS\amd64_microsoft.windows.common-controls_6595b64144ccf1df_6.0.22621.6060_none_2712eda17382d24b\COMCTL32.dll
0x00007ff81b740000 - 0x00007ff81b7e7000 	C:\WINDOWS\System32\msvcrt.dll
0x00007ff81d6b0000 - 0x00007ff81d6e1000 	C:\WINDOWS\System32\IMM32.DLL
0x00007ff800df0000 - 0x00007ff800dfc000 	c:\Users\Admin\.vscode\extensions\redhat.java-1.55.0-win32-x64\jre\21.0.11-win32-x86_64\bin\vcruntime140_1.dll
0x00007fffbf6c0000 - 0x00007fffbf74d000 	c:\Users\Admin\.vscode\extensions\redhat.java-1.55.0-win32-x64\jre\21.0.11-win32-x86_64\bin\msvcp140.dll
0x00007fff3f4e0000 - 0x00007fff40282000 	c:\Users\Admin\.vscode\extensions\redhat.java-1.55.0-win32-x64\jre\21.0.11-win32-x86_64\bin\server\jvm.dll
0x00007ff81c950000 - 0x00007ff81ca01000 	C:\WINDOWS\System32\ADVAPI32.dll
0x00007ff81b7f0000 - 0x00007ff81b898000 	C:\WINDOWS\System32\sechost.dll
0x00007ff81b070000 - 0x00007ff81b098000 	C:\WINDOWS\System32\bcrypt.dll
0x00007ff81bb70000 - 0x00007ff81bc88000 	C:\WINDOWS\System32\RPCRT4.dll
0x00007ff81d9b0000 - 0x00007ff81da21000 	C:\WINDOWS\System32\WS2_32.dll
0x00007ff81aa50000 - 0x00007ff81aa9d000 	C:\WINDOWS\SYSTEM32\POWRPROF.dll
0x00007ff815030000 - 0x00007ff81503a000 	C:\WINDOWS\SYSTEM32\VERSION.dll
0x00007ff8153a0000 - 0x00007ff8153d4000 	C:\WINDOWS\SYSTEM32\WINMM.dll
0x00007ff81aa30000 - 0x00007ff81aa43000 	C:\WINDOWS\SYSTEM32\UMPDC.dll
0x00007ff819b20000 - 0x00007ff819b38000 	C:\WINDOWS\SYSTEM32\kernel.appcore.dll
0x00007ffff8160000 - 0x00007ffff816a000 	c:\Users\Admin\.vscode\extensions\redhat.java-1.55.0-win32-x64\jre\21.0.11-win32-x86_64\bin\jimage.dll
0x00007ff818380000 - 0x00007ff8185b3000 	C:\WINDOWS\SYSTEM32\DBGHELP.DLL
0x00007ff81c5b0000 - 0x00007ff81c941000 	C:\WINDOWS\System32\combase.dll
0x00007ff81ca10000 - 0x00007ff81cae8000 	C:\WINDOWS\System32\OLEAUT32.dll
0x00007ff80e950000 - 0x00007ff80e982000 	C:\WINDOWS\SYSTEM32\dbgcore.DLL
0x00007ff81b0a0000 - 0x00007ff81b11b000 	C:\WINDOWS\System32\bcryptPrimitives.dll
0x00007ffff8150000 - 0x00007ffff815f000 	c:\Users\Admin\.vscode\extensions\redhat.java-1.55.0-win32-x64\jre\21.0.11-win32-x86_64\bin\instrument.dll
0x00007ffff7ec0000 - 0x00007ffff7ee0000 	c:\Users\Admin\.vscode\extensions\redhat.java-1.55.0-win32-x64\jre\21.0.11-win32-x86_64\bin\java.dll
0x00007ff81bd10000 - 0x00007ff81c5ac000 	C:\WINDOWS\System32\SHELL32.dll
0x00007ff81af30000 - 0x00007ff81b06f000 	C:\WINDOWS\System32\wintypes.dll
0x00007ff8189f0000 - 0x00007ff81930a000 	C:\WINDOWS\SYSTEM32\windows.storage.dll
0x00007ff81b970000 - 0x00007ff81ba74000 	C:\WINDOWS\System32\SHCORE.dll
0x00007ff81ccf0000 - 0x00007ff81cd59000 	C:\WINDOWS\System32\shlwapi.dll
0x00007ff81aab0000 - 0x00007ff81aad5000 	C:\WINDOWS\SYSTEM32\profapi.dll
0x00007ffff4250000 - 0x00007ffff4268000 	c:\Users\Admin\.vscode\extensions\redhat.java-1.55.0-win32-x64\jre\21.0.11-win32-x86_64\bin\zip.dll
0x00007ffff7b80000 - 0x00007ffff7b90000 	C:\Users\Admin\.vscode\extensions\redhat.java-1.55.0-win32-x64\jre\21.0.11-win32-x86_64\bin\net.dll
0x00007ff814920000 - 0x00007ff814a4c000 	C:\WINDOWS\SYSTEM32\WINHTTP.dll
0x00007ff819fe0000 - 0x00007ff81a049000 	C:\WINDOWS\system32\mswsock.dll
0x00007fffccf90000 - 0x00007fffccfa6000 	C:\Users\Admin\.vscode\extensions\redhat.java-1.55.0-win32-x64\jre\21.0.11-win32-x86_64\bin\nio.dll
0x00007ffff4240000 - 0x00007ffff4250000 	c:\Users\Admin\.vscode\extensions\redhat.java-1.55.0-win32-x64\jre\21.0.11-win32-x86_64\bin\verify.dll
0x00007fffb2170000 - 0x00007fffb21b5000 	C:\Users\Admin\AppData\Roaming\Code\User\globalStorage\redhat.java\1.55.0\config_win\org.eclipse.equinox.launcher\org.eclipse.equinox.launcher.win32.win32.x86_64_1.3.100.v20260613-0559\eclipse_11924.dll
0x00007ff81d6f0000 - 0x00007ff81d891000 	C:\WINDOWS\System32\ole32.dll
0x00007fffd8a20000 - 0x00007fffd8a2a000 	C:\Users\Admin\.vscode\extensions\redhat.java-1.55.0-win32-x64\jre\21.0.11-win32-x86_64\bin\management.dll
0x00007fffccf40000 - 0x00007fffccf4c000 	C:\Users\Admin\.vscode\extensions\redhat.java-1.55.0-win32-x64\jre\21.0.11-win32-x86_64\bin\management_ext.dll
0x00007ff81b730000 - 0x00007ff81b738000 	C:\WINDOWS\System32\PSAPI.DLL
0x00007ff81a330000 - 0x00007ff81a34b000 	C:\WINDOWS\SYSTEM32\CRYPTSP.dll
0x00007ff819a80000 - 0x00007ff819ab7000 	C:\WINDOWS\system32\rsaenh.dll
0x00007ff81a080000 - 0x00007ff81a0a8000 	C:\WINDOWS\SYSTEM32\USERENV.dll
0x00007ff81a310000 - 0x00007ff81a31c000 	C:\WINDOWS\SYSTEM32\CRYPTBASE.dll
0x00007ff819570000 - 0x00007ff81959d000 	C:\WINDOWS\SYSTEM32\IPHLPAPI.DLL
0x00007ff81cd60000 - 0x00007ff81cd69000 	C:\WINDOWS\System32\NSI.dll
0x00007fffbf5e0000 - 0x00007fffbf629000 	C:\Users\Admin\AppData\Local\Temp\jna-63116079\jna49743791068086862.dll
0x00007ff813cc0000 - 0x00007ff813cd9000 	C:\WINDOWS\SYSTEM32\dhcpcsvc6.DLL
0x00007ff8131d0000 - 0x00007ff8131ef000 	C:\WINDOWS\SYSTEM32\dhcpcsvc.DLL
0x00007fffccd40000 - 0x00007fffccd4e000 	C:\Users\Admin\.vscode\extensions\redhat.java-1.55.0-win32-x64\jre\21.0.11-win32-x86_64\bin\sunmscapi.dll
0x00007ff81aca0000 - 0x00007ff81ae08000 	C:\WINDOWS\System32\CRYPT32.dll
0x00007ff81a430000 - 0x00007ff81a45e000 	C:\WINDOWS\SYSTEM32\ncrypt.dll
0x00007ff81a3f0000 - 0x00007ff81a427000 	C:\WINDOWS\SYSTEM32\NTASN1.dll
0x00007ff8195a0000 - 0x00007ff819698000 	C:\WINDOWS\SYSTEM32\DNSAPI.dll
0x00007ff805eb0000 - 0x00007ff805eba000 	C:\Windows\System32\rasadhlp.dll
0x00007ff8123a0000 - 0x00007ff812424000 	C:\WINDOWS\System32\fwpuclnt.dll
0x00007fffca290000 - 0x00007fffca299000 	C:\Users\Admin\.vscode\extensions\redhat.java-1.55.0-win32-x64\jre\21.0.11-win32-x86_64\bin\extnet.dll

JVMTI agents:
c:\Users\Admin\.vscode\extensions\redhat.java-1.55.0-win32-x64\lombok\lombok-1.18.39-4050.jar path:c:\Users\Admin\.vscode\extensions\redhat.java-1.55.0-win32-x64\jre\21.0.11-win32-x86_64\bin\instrument.dll, loaded, initialized, instrumentlib options:none

dbghelp: loaded successfully - version: 4.0.5 - missing functions: none
symbol engine: initialized successfully - sym options: 0x614 - pdb path: .;c:\Users\Admin\.vscode\extensions\redhat.java-1.55.0-win32-x64\jre\21.0.11-win32-x86_64\bin;C:\WINDOWS\SYSTEM32;C:\WINDOWS\WinSxS\amd64_microsoft.windows.common-controls_6595b64144ccf1df_6.0.22621.6060_none_2712eda17382d24b;c:\Users\Admin\.vscode\extensions\redhat.java-1.55.0-win32-x64\jre\21.0.11-win32-x86_64\bin\server;C:\Users\Admin\AppData\Roaming\Code\User\globalStorage\redhat.java\1.55.0\config_win\org.eclipse.equinox.launcher\org.eclipse.equinox.launcher.win32.win32.x86_64_1.3.100.v20260613-0559;C:\Users\Admin\AppData\Local\Temp\jna-63116079

VM Arguments:
jvm_args: --add-modules=ALL-SYSTEM --add-opens=java.base/java.util=ALL-UNNAMED --add-opens=java.base/java.lang=ALL-UNNAMED --add-opens=java.base/sun.nio.fs=ALL-UNNAMED -Declipse.application=org.eclipse.jdt.ls.core.id1 -Dosgi.bundles.defaultStartLevel=4 -Declipse.product=org.eclipse.jdt.ls.core.product -Djava.import.generatesMetadataFilesAtProjectRoot=false -DDetectVMInstallationsJob.disabled=true -Dfile.encoding=utf8 -XX:+UseParallelGC -XX:GCTimeRatio=4 -XX:AdaptiveSizePolicyWeight=90 -Dsun.zip.disableMemoryMapping=true -Xmx2G -Xms100m -Xlog:disable -javaagent:c:\Users\Admin\.vscode\extensions\redhat.java-1.55.0-win32-x64\lombok\lombok-1.18.39-4050.jar -XX:+HeapDumpOnOutOfMemoryError -XX:HeapDumpPath=c:\Users\Admin\AppData\Roaming\Code\User\workspaceStorage\38af2466d7d4b515741aff38038e165a\redhat.java -Daether.dependencyCollector.impl=bf 
java_command: c:\Users\Admin\.vscode\extensions\redhat.java-1.55.0-win32-x64\server\plugins\org.eclipse.equinox.launcher_1.7.200.v20260619-2039.jar -configuration c:\Users\Admin\AppData\Roaming\Code\User\globalStorage\redhat.java\1.55.0\config_win -data c:\Users\Admin\AppData\Roaming\Code\User\workspaceStorage\38af2466d7d4b515741aff38038e165a\redhat.java\jdt_ws --pipe=\\.\pipe\lsp-d5eb69ed10cae36b0db3ee81b5fb5d5d-sock
java_class_path (initial): c:\Users\Admin\.vscode\extensions\redhat.java-1.55.0-win32-x64\server\plugins\org.eclipse.equinox.launcher_1.7.200.v20260619-2039.jar
Launcher Type: SUN_STANDARD

[Global flags]
    uintx AdaptiveSizePolicyWeight                 = 90                                        {product} {command line}
     intx CICompilerCount                          = 4                                         {product} {ergonomic}
    uintx GCTimeRatio                              = 4                                         {product} {command line}
     bool HeapDumpOnOutOfMemoryError               = true                                   {manageable} {command line}
    ccstr HeapDumpPath                             = c:\Users\Admin\AppData\Roaming\Code\User\workspaceStorage\38af2466d7d4b515741aff38038e165a\redhat.java         {manageable} {command line}
   size_t InitialHeapSize                          = 104857600                                 {product} {command line}
   size_t MaxHeapSize                              = 2147483648                                {product} {command line}
   size_t MaxNewSize                               = 715653120                                 {product} {ergonomic}
   size_t MinHeapDeltaBytes                        = 524288                                    {product} {ergonomic}
   size_t MinHeapSize                              = 104857600                                 {product} {command line}
   size_t NewSize                                  = 34603008                                  {product} {ergonomic}
    uintx NonNMethodCodeHeapSize                   = 5839372                                {pd product} {ergonomic}
    uintx NonProfiledCodeHeapSize                  = 122909434                              {pd product} {ergonomic}
   size_t OldSize                                  = 70254592                                  {product} {ergonomic}
    uintx ProfiledCodeHeapSize                     = 122909434                              {pd product} {ergonomic}
    uintx ReservedCodeCacheSize                    = 251658240                              {pd product} {ergonomic}
     bool SegmentedCodeCache                       = true                                      {product} {ergonomic}
   size_t SoftMaxHeapSize                          = 2147483648                             {manageable} {ergonomic}
     bool UseCompressedOops                        = true                           {product lp64_product} {ergonomic}
     bool UseLargePagesIndividualAllocation        = false                                  {pd product} {ergonomic}
     bool UseParallelGC                            = true                                      {product} {command line}

Logging:
Log output configuration:
 #0: stdout all=off uptime,level,tags foldmultilines=false
 #1: stderr all=off uptime,level,tags foldmultilines=false

Release file:
JAVA_VERSION="21.0.11" 
MODULES="java.base java.compiler java.datatransfer java.xml java.prefs java.desktop java.instrument java.logging java.management java.security.sasl java.naming java.rmi java.management.rmi java.net.http java.scripting java.security.jgss java.transaction.xa java.sql java.sql.rowset java.xml.crypto java.se java.smartcardio jdk.accessibility jdk.internal.jvmstat jdk.attach jdk.charsets jdk.internal.opt jdk.zipfs jdk.compiler jdk.crypto.ec jdk.crypto.cryptoki jdk.crypto.mscapi jdk.dynalink jdk.internal.ed jdk.editpad jdk.hotspot.agent jdk.httpserver jdk.internal.le jdk.internal.vm.ci jdk.internal.vm.compiler jdk.internal.vm.compiler.management jdk.jartool jdk.javadoc jdk.jcmd jdk.management jdk.management.agent jdk.jconsole jdk.jdeps jdk.jdwp.agent jdk.jdi jdk.jfr jdk.jshell jdk.jsobject jdk.jstatd jdk.localedata jdk.management.jfr jdk.naming.dns jdk.naming.rmi jdk.net jdk.nio.mapmode jdk.random jdk.sctp jdk.security.auth jdk.security.jgss jdk.unsupported jdk.unsupported.desktop jdk.xml.dom" 

Environment Variables:
JAVA_HOME=C:\Program Files\Java\jdk-17
PATH=C:\Program Files\Eclipse Adoptium\jre-17.0.18.8-hotspot\bin;C:\Program Files\Eclipse Adoptium\jdk-17.0.18.8-hotspot\bin;C:\Program Files\apache-maven-3.9.12-bin\apache-maven-3.9.12\bin;C:\Program Files (x86)\Microsoft SQL Server\160\DTS\Binn\;C:\Program Files\Git\cmd;C:\Program Files\apache-maven-3.9.12-bin\apache-maven-3.9.12\bin;C:\Program Files (x86)\Java;C:\Program Files (x86)\MySQL;C:\Program Files\Java\jdk-17\bin;C:\Users\Admin\AppData\Local\Programs\Python\Python311\Scripts\;C:\Users\Admin\AppData\Local\Programs\Python\Python311\;C:\Users\Admin\AppData\Local\Programs\Python\Python313\Scripts\;C:\Users\Admin\AppData\Local\Programs\Python\Python313\;C:\Program Files\MySQL\MySQL Shell 8.0\bin\;C:\Users\Admin\AppData\Local\Microsoft\WindowsApps;C:\Users\Admin\AppData\Local\Programs\Microsoft VS Code\bin;C:\Users\Admin\AppData\Local\GitHubDesktop\bin;C:\Program Files\JetBrains\IntelliJ IDEA 2026.1.3\bin
USERNAME=Admin
OS=Windows_NT
PROCESSOR_IDENTIFIER=Intel64 Family 6 Model 142 Stepping 12, GenuineIntel
TMP=C:\Users\Admin\AppData\Local\Temp
TEMP=C:\Users\Admin\AppData\Local\Temp




Periodic native trim disabled

---------------  S Y S T E M  ---------------

OS:
 Windows 11 , 64 bit Build 22621 (10.0.22621.5415)
OS uptime: 2 days 19:05 hours
Hyper-V role detected

CPU: total 8 (initial active 8) (4 cores per cpu, 2 threads per core) family 6 model 142 stepping 12 microcode 0x100, cx8, cmov, fxsr, ht, mmx, 3dnowpref, sse, sse2, sse3, ssse3, sse4.1, sse4.2, popcnt, lzcnt, tsc, tscinvbit, avx, avx2, aes, erms, clmul, bmi1, bmi2, adx, fma, vzeroupper, clflush, clflushopt, hv, rdtscp, f16c
Processor Information for the first 8 processors :
  Max Mhz: 1896, Current Mhz: 1596, Mhz Limit: 1592

Memory: 4k page, system-wide physical 7998M (327M free)
TotalPageFile size 13244M (AvailPageFile size 0M)
current process WorkingSet (physical memory assigned to process): 544M, peak: 1009M
current process commit charge ("private bytes"): 1210M, peak: 1214M

vm_info: OpenJDK 64-Bit Server VM (21.0.11+10-LTS) for windows-amd64 JRE (21.0.11+10-LTS), built on 2026-04-21T00:00:00Z by "admin" with MS VC++ 17.12 (VS2022)

END.
